// 同步 ID: a679d574 @ Fri Jun 19 12:40:54 UTC 2026
// 同步 ID: 02713ac2 @ Sat Jun 20 10:44:45 UTC 2026
// 重构日志: 04a5215f
// 重构日志: 303be564
// 同步 ID: e33473e6 @ Thu Jun 25 12:12:35 UTC 2026
// 同步 ID: 05ddec74 @ Fri Jun 26 07:13:48 UTC 2026
// 同步 ID: 20ca8054 @ Fri Jun 26 10:39:35 UTC 2026
// 同步 ID: 26923e47 @ Fri Jun 26 21:40:44 UTC 2026
// 重构日志: f1e6b0e6
// 重构日志: e7436f2b
// 重构日志: 9c8355ff
// 重构日志: 1fd4e871
// 重构日志: a00c64a4
// 重构日志: 2ffd9843
// 重构日志: 9fd4699c
// 重构日志: b13e00ca
// 同步 ID: 2e0c0fb9 @ Wed Jul  1 06:11:49 UTC 2026
// 同步 ID: 31b5d436 @ Thu Jul  2 09:17:35 UTC 2026
// 同步 ID: 935e3ca9 @ Fri Jul  3 00:18:37 UTC 2026
// 同步 ID: f3a66987 @ Fri Jul  3 05:33:44 UTC 2026
// 重构日志: 6bf73818
// 重构日志: e8f37f2e
// 同步 ID: c9663e21 @ Sat Jul  4 10:56:13 UTC 2026
// 重构日志: f1179f35
// 重构日志: c3a1bc7d
// 重构日志: 9d35df88
// 同步 ID: 09b4b69e @ Sun Jul  5 12:12:44 UTC 2026
// 重构日志: 095f2a55
// 重构日志: ee946b3b
// 同步 ID: dbdd2c92 @ Wed Jul  8 14:59:57 UTC 2026
// 重构日志: 8e7f94c4
